2025-07-14T11:24:46.630Z [ERROR] ❌ TAAPI request failed for VIRTUAL/USDT: Request failed with status code 403
2025-07-14T11:24:47.159Z [ERROR] ❌ DEBUG: Signal enhancement failed for VIRTUALUSDT: "reasoning.push is not a function"
2025-07-14T11:24:47.159Z [ERROR] Signal enhancement failed, falling back to base signal:
2025-07-14T11:25:04.636Z [ERROR] ❌ TAAPI request failed for SEI/USDT: Request failed with status code 403
2025-07-14T11:25:05.207Z [ERROR] ❌ DEBUG: Signal enhancement failed for SEIUSDT: "reasoning.push is not a function"
2025-07-14T11:25:05.208Z [ERROR] Signal enhancement failed, falling back to base signal:
2025-07-14T11:25:20.476Z [ERROR] ❌ DEBUG: Signal enhancement failed for VIRTUALUSDT: "reasoning.push is not a function"
2025-07-14T11:25:20.477Z [ERROR] Signal enhancement failed, falling back to base signal:
2025-07-14T11:25:21.481Z [ERROR] ❌ DEBUG: Signal enhancement failed for SEIUSDT: "reasoning.push is not a function"
2025-07-14T11:25:21.482Z [ERROR] Signal enhancement failed, falling back to base signal:
2025-07-14T11:25:22.636Z [ERROR] 🔴 Circuit breaker OPENED after 3 consecutive errors
2025-07-14T11:25:22.636Z [ERROR] ❌ TAAPI request failed for UNI/USDT: Request failed with status code 403
2025-07-14T11:25:23.148Z [ERROR] ❌ DEBUG: Signal enhancement failed for UNIUSDT: "reasoning.push is not a function"
2025-07-14T11:25:23.148Z [ERROR] Signal enhancement failed, falling back to base signal:
2025-07-14T11:25:23.153Z [ERROR] ❌ DEBUG: Signal enhancement failed for UNIUSDT: "reasoning.push is not a function"
2025-07-14T11:25:23.154Z [ERROR] Signal enhancement failed, falling back to base signal:
2025-07-14T11:25:25.139Z [ERROR] ❌ DEBUG: Signal enhancement failed for FUNUSDT: "reasoning.push is not a function"
2025-07-14T11:25:25.140Z [ERROR] Signal enhancement failed, falling back to base signal:
2025-07-14T11:25:27.138Z [ERROR] ❌ DEBUG: Signal enhancement failed for NEARUSDT: "reasoning.push is not a function"
2025-07-14T11:25:27.138Z [ERROR] Signal enhancement failed, falling back to base signal:
2025-07-14T11:25:29.153Z [ERROR] ❌ DEBUG: Signal enhancement failed for ADAUSDT: "reasoning.push is not a function"
2025-07-14T11:25:29.153Z [ERROR] Signal enhancement failed, falling back to base signal:
2025-07-14T11:25:29.164Z [ERROR] ❌ DEBUG: Signal enhancement failed for ADAUSDT: "reasoning.push is not a function"
2025-07-14T11:25:29.165Z [ERROR] Signal enhancement failed, falling back to base signal:
2025-07-14T11:25:31.189Z [ERROR] ❌ DEBUG: Signal enhancement failed for ONDOUSDT: "reasoning.push is not a function"
2025-07-14T11:25:31.189Z [ERROR] Signal enhancement failed, falling back to base signal:
2025-07-14T11:25:31.193Z [ERROR] ❌ DEBUG: Signal enhancement failed for ONDOUSDT: "reasoning.push is not a function"
2025-07-14T11:25:31.194Z [ERROR] Signal enhancement failed, falling back to base signal:
2025-07-14T11:25:33.172Z [ERROR] ❌ DEBUG: Signal enhancement failed for LINKUSDT: "reasoning.push is not a function"
2025-07-14T11:25:33.172Z [ERROR] Signal enhancement failed, falling back to base signal:
2025-07-14T11:25:33.649Z [ERROR] ❌ DEBUG: Signal enhancement failed for FUNUSDT: "reasoning.push is not a function"
2025-07-14T11:25:33.649Z [ERROR] Signal enhancement failed, falling back to base signal:
2025-07-14T11:25:35.168Z [ERROR] ❌ DEBUG: Signal enhancement failed for SUIUSDT: "reasoning.push is not a function"
2025-07-14T11:25:35.169Z [ERROR] Signal enhancement failed, falling back to base signal:
2025-07-14T11:25:37.167Z [ERROR] ❌ DEBUG: Signal enhancement failed for ETHUSDT: "reasoning.push is not a function"
2025-07-14T11:25:37.167Z [ERROR] Signal enhancement failed, falling back to base signal:
2025-07-14T11:25:39.177Z [ERROR] ❌ DEBUG: Signal enhancement failed for SOLUSDT: "reasoning.push is not a function"
2025-07-14T11:25:39.178Z [ERROR] Signal enhancement failed, falling back to base signal:
2025-07-14T11:25:41.183Z [ERROR] ❌ DEBUG: Signal enhancement failed for BTCUSDT: "reasoning.push is not a function"
2025-07-14T11:25:41.183Z [ERROR] Signal enhancement failed, falling back to base signal:
2025-07-14T11:25:43.207Z [ERROR] ❌ DEBUG: Signal enhancement failed for HBARUSDT: "reasoning.push is not a function"
2025-07-14T11:25:43.208Z [ERROR] Signal enhancement failed, falling back to base signal:
2025-07-14T11:25:45.202Z [ERROR] ❌ DEBUG: Signal enhancement failed for XRPUSDT: "reasoning.push is not a function"
2025-07-14T11:25:45.203Z [ERROR] Signal enhancement failed, falling back to base signal:
2025-07-14T11:46:23.333Z [ERROR] 🔥 Error for BTCUSDT: Request failed with status code 429 {"status":429,"consecutiveErrors":1,"symbol":"BTCUSDT"}
2025-07-14T11:46:23.334Z [ERROR] ❌ TAAPI request failed for BTC/USDT: Request failed with status code 429
{"level":"error","message":"Enhanced signal generation failed: Cannot read properties of undefined (reading 'toFixed')","stack":"TypeError: Cannot read properties of undefined (reading 'toFixed')\n    at SignalReasoningEngine.getMonitoringPoints (C:\\Users\\cuhey\\OneDrive\\Skrivebord\\API-ENDPOINT-GENESISAI\\src\\services\\signalReasoningEngine.js:754:49)\n    at SignalReasoningEngine.generateExecutionGuidance (C:\\Users\\cuhey\\OneDrive\\Skrivebord\\API-ENDPOINT-GENESISAI\\src\\services\\signalReasoningEngine.js:695:31)\n    at SignalReasoningEngine.generateComprehensiveReasoning (C:\\Users\\cuhey\\OneDrive\\Skrivebord\\API-ENDPOINT-GENESISAI\\src\\services\\signalReasoningEngine.js:153:32)\n    at C:\\Users\\cuhey\\OneDrive\\Skrivebord\\API-ENDPOINT-GENESISAI\\src\\server.js:3892:41\n    at process.processTicksAndRejections (node:internal/process/task_queues:105:5)","timestamp":"2025-07-14T11:46:23.339Z"}
{"level":"error","message":"Enhanced signal generation failed: Cannot read properties of undefined (reading 'toFixed')","stack":"TypeError: Cannot read properties of undefined (reading 'toFixed')\n    at SignalReasoningEngine.getMonitoringPoints (C:\\Users\\cuhey\\OneDrive\\Skrivebord\\API-ENDPOINT-GENESISAI\\src\\services\\signalReasoningEngine.js:754:49)\n    at SignalReasoningEngine.generateExecutionGuidance (C:\\Users\\cuhey\\OneDrive\\Skrivebord\\API-ENDPOINT-GENESISAI\\src\\services\\signalReasoningEngine.js:695:31)\n    at SignalReasoningEngine.generateComprehensiveReasoning (C:\\Users\\cuhey\\OneDrive\\Skrivebord\\API-ENDPOINT-GENESISAI\\src\\services\\signalReasoningEngine.js:153:32)\n    at C:\\Users\\cuhey\\OneDrive\\Skrivebord\\API-ENDPOINT-GENESISAI\\src\\server.js:3892:41\n    at process.processTicksAndRejections (node:internal/process/task_queues:105:5)","timestamp":"2025-07-14T11:46:29.709Z"}
2025-07-14T11:48:08.102Z [ERROR] 🔥 Error for BTCUSDT: Request failed with status code 429 {"status":429,"consecutiveErrors":1,"symbol":"BTCUSDT"}
2025-07-14T11:48:08.103Z [ERROR] ❌ TAAPI request failed for BTC/USDT: Request failed with status code 429
{"level":"error","message":"Enhanced signal generation failed: Cannot read properties of undefined (reading 'toFixed')","stack":"TypeError: Cannot read properties of undefined (reading 'toFixed')\n    at SignalReasoningEngine.getMonitoringPoints (C:\\Users\\cuhey\\OneDrive\\Skrivebord\\API-ENDPOINT-GENESISAI\\src\\services\\signalReasoningEngine.js:754:49)\n    at SignalReasoningEngine.generateExecutionGuidance (C:\\Users\\cuhey\\OneDrive\\Skrivebord\\API-ENDPOINT-GENESISAI\\src\\services\\signalReasoningEngine.js:695:31)\n    at SignalReasoningEngine.generateComprehensiveReasoning (C:\\Users\\cuhey\\OneDrive\\Skrivebord\\API-ENDPOINT-GENESISAI\\src\\services\\signalReasoningEngine.js:153:32)\n    at C:\\Users\\cuhey\\OneDrive\\Skrivebord\\API-ENDPOINT-GENESISAI\\src\\server.js:3892:41\n    at process.processTicksAndRejections (node:internal/process/task_queues:105:5)","timestamp":"2025-07-14T11:48:08.108Z"}
2025-07-14T11:52:55.914Z [ERROR] 🔥 Error for BTCUSDT: Request failed with status code 429 {"status":429,"consecutiveErrors":1,"symbol":"BTCUSDT"}
2025-07-14T11:52:55.915Z [ERROR] ❌ TAAPI request failed for BTC/USDT: Request failed with status code 429
2025-07-14T11:53:48.441Z [ERROR] 🔥 Error for ETHUSDT: TAAPI currently rate limited {"consecutiveErrors":2,"symbol":"ETHUSDT"}
2025-07-14T11:53:48.442Z [ERROR] ❌ TAAPI request failed for ETH/USDT: TAAPI currently rate limited
2025-07-14T11:54:10.176Z [ERROR] 🔥 Error for SOLUSDT: Request failed with status code 403 {"status":403,"consecutiveErrors":3,"symbol":"SOLUSDT"}
2025-07-14T11:54:10.177Z [ERROR] 🔴 Circuit breaker OPENED after 3 consecutive errors
2025-07-14T11:54:10.178Z [ERROR] ❌ TAAPI request failed for SOL/USDT: Request failed with status code 403
2025-07-14T12:03:03.768Z [ERROR] 🔥 Error for ADAUSDT: Request failed with status code 403 {"status":403,"consecutiveErrors":1,"symbol":"ADAUSDT"}
2025-07-14T12:03:03.769Z [ERROR] ❌ TAAPI request failed for ADA/USDT: Request failed with status code 403
2025-07-14T18:02:08.134Z [ERROR] ❌ TAAPI connection test failed: "Request failed with status code 429"
2025-07-14T18:02:43.418Z [ERROR] ❌ TAAPI connection test failed: "Request failed with status code 429"
2025-07-16T16:32:52.587Z [ERROR] Error fetching liquidation data: {"message":"Request failed with status code 400","name":"AxiosError","stack":"AxiosError: Request failed with status code 400\n    at settle (C:\\Users\\cuhey\\OneDrive\\Skrivebord\\API-ENDPOINT-GENESISAI\\src\\node_modules\\axios\\dist\\node\\axios.cjs:2053:12)\n    at IncomingMessage.handleStreamEnd (C:\\Users\\cuhey\\OneDrive\\Skrivebord\\API-ENDPOINT-GENESISAI\\src\\node_modules\\axios\\dist\\node\\axios.cjs:3170:11)\n    at IncomingMessage.emit (node:events:519:35)\n    at endReadableNT (node:internal/streams/readable:1696:12)\n    at process.processTicksAndRejections (node:internal/process/task_queues:90:21)\n    at Axios.request (C:\\Users\\cuhey\\OneDrive\\Skrivebord\\API-ENDPOINT-GENESISAI\\src\\node_modules\\axios\\dist\\node\\axios.cjs:4280:41)\n    at process.processTicksAndRejections (node:internal/process/task_queues:105:5)\n    at async OffChainDataService.getLiquidationData (C:\\Users\\cuhey\\OneDrive\\Skrivebord\\API-ENDPOINT-GENESISAI\\src\\services\\offChainDataService.js:225:30)\n    at async Promise.allSettled (index 4)\n    at async OffChainDataService.getComprehensiveOffChainData (C:\\Users\\cuhey\\OneDrive\\Skrivebord\\API-ENDPOINT-GENESISAI\\src\\services\\offChainDataService.js:29:11)\n    at async Promise.all (index 1)\n    at async C:\\Users\\cuhey\\OneDrive\\Skrivebord\\API-ENDPOINT-GENESISAI\\src\\server.js:3834:41","config":{"transitional":{"silentJSONParsing":true,"forcedJSONParsing":true,"clarifyTimeoutError":false},"adapter":["xhr","http","fetch"],"transformRequest":[null],"transformResponse":[null],"timeout":5000,"xsrfCookieName":"XSRF-TOKEN","xsrfHeaderName":"X-XSRF-TOKEN","maxContentLength":-1,"maxBodyLength":-1,"env":{},"headers":{"Accept":"application/json, text/plain, */*","User-Agent":"axios/1.10.0","Accept-Encoding":"gzip, compress, deflate, br"},"params":{"symbol":"WBETHUSDT"},"method":"get","url":"https://fapi.binance.com/fapi/v1/ticker/24hr","allowAbsoluteUrls":true},"code":"ERR_BAD_REQUEST","status":400}
2025-07-16T16:32:52.588Z [ERROR] Error fetching volatility data: {"message":"Request failed with status code 400","name":"AxiosError","stack":"AxiosError: Request failed with status code 400\n    at settle (C:\\Users\\cuhey\\OneDrive\\Skrivebord\\API-ENDPOINT-GENESISAI\\src\\node_modules\\axios\\dist\\node\\axios.cjs:2053:12)\n    at IncomingMessage.handleStreamEnd (C:\\Users\\cuhey\\OneDrive\\Skrivebord\\API-ENDPOINT-GENESISAI\\src\\node_modules\\axios\\dist\\node\\axios.cjs:3170:11)\n    at IncomingMessage.emit (node:events:519:35)\n    at endReadableNT (node:internal/streams/readable:1696:12)\n    at process.processTicksAndRejections (node:internal/process/task_queues:90:21)\n    at Axios.request (C:\\Users\\cuhey\\OneDrive\\Skrivebord\\API-ENDPOINT-GENESISAI\\src\\node_modules\\axios\\dist\\node\\axios.cjs:4280:41)\n    at process.processTicksAndRejections (node:internal/process/task_queues:105:5)\n    at async OffChainDataService.getVolatilityIndexes (C:\\Users\\cuhey\\OneDrive\\Skrivebord\\API-ENDPOINT-GENESISAI\\src\\services\\offChainDataService.js:106:30)\n    at async Promise.allSettled (index 1)\n    at async OffChainDataService.getComprehensiveOffChainData (C:\\Users\\cuhey\\OneDrive\\Skrivebord\\API-ENDPOINT-GENESISAI\\src\\services\\offChainDataService.js:29:11)\n    at async Promise.all (index 1)\n    at async C:\\Users\\cuhey\\OneDrive\\Skrivebord\\API-ENDPOINT-GENESISAI\\src\\server.js:3834:41","config":{"transitional":{"silentJSONParsing":true,"forcedJSONParsing":true,"clarifyTimeoutError":false},"adapter":["xhr","http","fetch"],"transformRequest":[null],"transformResponse":[null],"timeout":5000,"xsrfCookieName":"XSRF-TOKEN","xsrfHeaderName":"X-XSRF-TOKEN","maxContentLength":-1,"maxBodyLength":-1,"env":{},"headers":{"Accept":"application/json, text/plain, */*","User-Agent":"axios/1.10.0","Accept-Encoding":"gzip, compress, deflate, br"},"params":{"symbol":"WBETHUSDT"},"method":"get","url":"https://fapi.binance.com/fapi/v1/ticker/24hr","allowAbsoluteUrls":true},"code":"ERR_BAD_REQUEST","status":400}
2025-07-16T16:32:52.595Z [ERROR] Error fetching order book data: {"message":"Request failed with status code 400","name":"AxiosError","stack":"AxiosError: Request failed with status code 400\n    at settle (C:\\Users\\cuhey\\OneDrive\\Skrivebord\\API-ENDPOINT-GENESISAI\\src\\node_modules\\axios\\dist\\node\\axios.cjs:2053:12)\n    at IncomingMessage.handleStreamEnd (C:\\Users\\cuhey\\OneDrive\\Skrivebord\\API-ENDPOINT-GENESISAI\\src\\node_modules\\axios\\dist\\node\\axios.cjs:3170:11)\n    at IncomingMessage.emit (node:events:519:35)\n    at endReadableNT (node:internal/streams/readable:1696:12)\n    at process.processTicksAndRejections (node:internal/process/task_queues:90:21)\n    at Axios.request (C:\\Users\\cuhey\\OneDrive\\Skrivebord\\API-ENDPOINT-GENESISAI\\src\\node_modules\\axios\\dist\\node\\axios.cjs:4280:41)\n    at process.processTicksAndRejections (node:internal/process/task_queues:105:5)\n    at async OffChainDataService.getOrderBookAnalysis (C:\\Users\\cuhey\\OneDrive\\Skrivebord\\API-ENDPOINT-GENESISAI\\src\\services\\offChainDataService.js:192:33)\n    at async Promise.allSettled (index 3)\n    at async OffChainDataService.getComprehensiveOffChainData (C:\\Users\\cuhey\\OneDrive\\Skrivebord\\API-ENDPOINT-GENESISAI\\src\\services\\offChainDataService.js:29:11)\n    at async Promise.all (index 1)\n    at async C:\\Users\\cuhey\\OneDrive\\Skrivebord\\API-ENDPOINT-GENESISAI\\src\\server.js:3834:41","config":{"transitional":{"silentJSONParsing":true,"forcedJSONParsing":true,"clarifyTimeoutError":false},"adapter":["xhr","http","fetch"],"transformRequest":[null],"transformResponse":[null],"timeout":5000,"xsrfCookieName":"XSRF-TOKEN","xsrfHeaderName":"X-XSRF-TOKEN","maxContentLength":-1,"maxBodyLength":-1,"env":{},"headers":{"Accept":"application/json, text/plain, */*","User-Agent":"axios/1.10.0","Accept-Encoding":"gzip, compress, deflate, br"},"params":{"symbol":"WBETHUSDT","limit":100},"method":"get","url":"https://fapi.binance.com/fapi/v1/depth","allowAbsoluteUrls":true},"code":"ERR_BAD_REQUEST","status":400}
2025-07-16T16:32:52.832Z [ERROR] Error fetching funding rates: {"message":"Request failed with status code 400","name":"AxiosError","stack":"AxiosError: Request failed with status code 400\n    at settle (C:\\Users\\cuhey\\OneDrive\\Skrivebord\\API-ENDPOINT-GENESISAI\\src\\node_modules\\axios\\dist\\node\\axios.cjs:2053:12)\n    at IncomingMessage.handleStreamEnd (C:\\Users\\cuhey\\OneDrive\\Skrivebord\\API-ENDPOINT-GENESISAI\\src\\node_modules\\axios\\dist\\node\\axios.cjs:3170:11)\n    at IncomingMessage.emit (node:events:519:35)\n    at endReadableNT (node:internal/streams/readable:1696:12)\n    at process.processTicksAndRejections (node:internal/process/task_queues:90:21)\n    at Axios.request (C:\\Users\\cuhey\\OneDrive\\Skrivebord\\API-ENDPOINT-GENESISAI\\src\\node_modules\\axios\\dist\\node\\axios.cjs:4280:41)\n    at process.processTicksAndRejections (node:internal/process/task_queues:105:5)\n    at async OffChainDataService.getFundingRates (C:\\Users\\cuhey\\OneDrive\\Skrivebord\\API-ENDPOINT-GENESISAI\\src\\services\\offChainDataService.js:76:31)\n    at async Promise.allSettled (index 0)\n    at async OffChainDataService.getComprehensiveOffChainData (C:\\Users\\cuhey\\OneDrive\\Skrivebord\\API-ENDPOINT-GENESISAI\\src\\services\\offChainDataService.js:29:11)\n    at async Promise.all (index 1)\n    at async C:\\Users\\cuhey\\OneDrive\\Skrivebord\\API-ENDPOINT-GENESISAI\\src\\server.js:3834:41","config":{"transitional":{"silentJSONParsing":true,"forcedJSONParsing":true,"clarifyTimeoutError":false},"adapter":["xhr","http","fetch"],"transformRequest":[null],"transformResponse":[null],"timeout":5000,"xsrfCookieName":"XSRF-TOKEN","xsrfHeaderName":"X-XSRF-TOKEN","maxContentLength":-1,"maxBodyLength":-1,"env":{},"headers":{"Accept":"application/json, text/plain, */*","User-Agent":"axios/1.10.0","Accept-Encoding":"gzip, compress, deflate, br"},"params":{"symbol":"WBETHUSDT"},"method":"get","url":"https://fapi.binance.com/fapi/v1/premiumIndex","allowAbsoluteUrls":true},"code":"ERR_BAD_REQUEST","status":400}
