{"level":"info","message":"CoinGecko service initialized with 2 API keys","timestamp":"2025-07-14T11:21:44.958Z"}
{"level":"info","message":"Request queued. Queue length: 1","timestamp":"2025-07-14T11:25:22.639Z"}
{"level":"info","message":"Processing queue. Items in queue: 1","timestamp":"2025-07-14T11:25:22.639Z"}
{"level":"info","message":"Making CoinGecko request with key 1. Queue remaining: 0","timestamp":"2025-07-14T11:25:22.639Z"}
{"level":"info","message":"Request queued. Queue length: 1","timestamp":"2025-07-14T11:25:22.647Z"}
{"level":"info","message":"CoinGecko request successful with key 1. Queue remaining: 1","timestamp":"2025-07-14T11:25:23.007Z"}
{"level":"info","message":"Making CoinGecko request with key 1. Queue remaining: 0","timestamp":"2025-07-14T11:25:23.007Z"}
{"level":"info","message":"CoinGecko request successful with key 1. Queue remaining: 0","timestamp":"2025-07-14T11:25:23.007Z"}
{"level":"info","message":"Queue processing complete","timestamp":"2025-07-14T11:25:23.007Z"}
{"level":"info","message":"Request queued. Queue length: 1","timestamp":"2025-07-14T11:25:23.007Z"}
{"level":"info","message":"Processing queue. Items in queue: 1","timestamp":"2025-07-14T11:25:23.008Z"}
{"level":"info","message":"Making CoinGecko request with key 1. Queue remaining: 0","timestamp":"2025-07-14T11:25:23.008Z"}
{"level":"info","message":"Request queued. Queue length: 1","timestamp":"2025-07-14T11:25:23.008Z"}
{"level":"info","message":"CoinGecko request successful with key 1. Queue remaining: 1","timestamp":"2025-07-14T11:25:23.042Z"}
{"level":"info","message":"Making CoinGecko request with key 1. Queue remaining: 0","timestamp":"2025-07-14T11:25:23.042Z"}
{"level":"info","message":"CoinGecko request successful with key 1. Queue remaining: 0","timestamp":"2025-07-14T11:25:23.072Z"}
{"level":"info","message":"Queue processing complete","timestamp":"2025-07-14T11:25:23.072Z"}
{"level":"info","message":"Request queued. Queue length: 1","timestamp":"2025-07-14T11:25:26.654Z"}
{"level":"info","message":"Processing queue. Items in queue: 1","timestamp":"2025-07-14T11:25:26.654Z"}
{"level":"info","message":"Making CoinGecko request with key 1. Queue remaining: 0","timestamp":"2025-07-14T11:25:26.654Z"}
{"level":"info","message":"CoinGecko request successful with key 1. Queue remaining: 0","timestamp":"2025-07-14T11:25:27.087Z"}
{"level":"info","message":"Queue processing complete","timestamp":"2025-07-14T11:25:27.087Z"}
{"level":"info","message":"Request queued. Queue length: 1","timestamp":"2025-07-14T11:25:27.088Z"}
{"level":"info","message":"Processing queue. Items in queue: 1","timestamp":"2025-07-14T11:25:27.088Z"}
{"level":"info","message":"Making CoinGecko request with key 1. Queue remaining: 0","timestamp":"2025-07-14T11:25:27.088Z"}
{"level":"info","message":"CoinGecko request successful with key 1. Queue remaining: 0","timestamp":"2025-07-14T11:25:27.116Z"}
{"level":"info","message":"Queue processing complete","timestamp":"2025-07-14T11:25:27.117Z"}
{"level":"info","message":"Request queued. Queue length: 1","timestamp":"2025-07-14T11:25:28.663Z"}
{"level":"info","message":"Processing queue. Items in queue: 1","timestamp":"2025-07-14T11:25:28.663Z"}
{"level":"info","message":"Making CoinGecko request with key 1. Queue remaining: 0","timestamp":"2025-07-14T11:25:28.663Z"}
{"level":"info","message":"Request queued. Queue length: 1","timestamp":"2025-07-14T11:25:28.666Z"}
{"level":"info","message":"CoinGecko request successful with key 1. Queue remaining: 1","timestamp":"2025-07-14T11:25:29.096Z"}
{"level":"info","message":"Making CoinGecko request with key 1. Queue remaining: 0","timestamp":"2025-07-14T11:25:29.097Z"}
{"level":"info","message":"CoinGecko request successful with key 1. Queue remaining: 0","timestamp":"2025-07-14T11:25:29.097Z"}
{"level":"info","message":"Queue processing complete","timestamp":"2025-07-14T11:25:29.097Z"}
{"level":"info","message":"Request queued. Queue length: 1","timestamp":"2025-07-14T11:25:29.097Z"}
{"level":"info","message":"Processing queue. Items in queue: 1","timestamp":"2025-07-14T11:25:29.097Z"}
{"level":"info","message":"Making CoinGecko request with key 1. Queue remaining: 0","timestamp":"2025-07-14T11:25:29.098Z"}
{"level":"info","message":"Request queued. Queue length: 1","timestamp":"2025-07-14T11:25:29.098Z"}
{"level":"info","message":"CoinGecko request successful with key 1. Queue remaining: 1","timestamp":"2025-07-14T11:25:29.123Z"}
{"level":"info","message":"Making CoinGecko request with key 1. Queue remaining: 0","timestamp":"2025-07-14T11:25:29.123Z"}
{"level":"info","message":"CoinGecko request successful with key 1. Queue remaining: 0","timestamp":"2025-07-14T11:25:29.148Z"}
{"level":"info","message":"Queue processing complete","timestamp":"2025-07-14T11:25:29.148Z"}
{"level":"info","message":"Request queued. Queue length: 1","timestamp":"2025-07-14T11:25:32.681Z"}
{"level":"info","message":"Processing queue. Items in queue: 1","timestamp":"2025-07-14T11:25:32.681Z"}
{"level":"info","message":"Making CoinGecko request with key 1. Queue remaining: 0","timestamp":"2025-07-14T11:25:32.681Z"}
{"level":"info","message":"CoinGecko request successful with key 1. Queue remaining: 0","timestamp":"2025-07-14T11:25:33.096Z"}
{"level":"info","message":"Queue processing complete","timestamp":"2025-07-14T11:25:33.096Z"}
{"level":"info","message":"Request queued. Queue length: 1","timestamp":"2025-07-14T11:25:33.097Z"}
{"level":"info","message":"Processing queue. Items in queue: 1","timestamp":"2025-07-14T11:25:33.097Z"}
{"level":"info","message":"Making CoinGecko request with key 1. Queue remaining: 0","timestamp":"2025-07-14T11:25:33.097Z"}
{"level":"info","message":"CoinGecko request successful with key 1. Queue remaining: 0","timestamp":"2025-07-14T11:25:33.151Z"}
{"level":"info","message":"Queue processing complete","timestamp":"2025-07-14T11:25:33.151Z"}
{"level":"info","message":"Request queued. Queue length: 1","timestamp":"2025-07-14T11:25:34.685Z"}
{"level":"info","message":"Processing queue. Items in queue: 1","timestamp":"2025-07-14T11:25:34.685Z"}
{"level":"info","message":"Making CoinGecko request with key 1. Queue remaining: 0","timestamp":"2025-07-14T11:25:34.685Z"}
{"level":"info","message":"CoinGecko request successful with key 1. Queue remaining: 0","timestamp":"2025-07-14T11:25:34.903Z"}
{"level":"info","message":"Queue processing complete","timestamp":"2025-07-14T11:25:34.904Z"}
{"level":"info","message":"Request queued. Queue length: 1","timestamp":"2025-07-14T11:25:34.904Z"}
{"level":"info","message":"Processing queue. Items in queue: 1","timestamp":"2025-07-14T11:25:34.904Z"}
{"level":"info","message":"Making CoinGecko request with key 1. Queue remaining: 0","timestamp":"2025-07-14T11:25:34.904Z"}
{"level":"info","message":"CoinGecko request successful with key 1. Queue remaining: 0","timestamp":"2025-07-14T11:25:34.928Z"}
{"level":"info","message":"Queue processing complete","timestamp":"2025-07-14T11:25:34.928Z"}
{"level":"info","message":"Request queued. Queue length: 1","timestamp":"2025-07-14T11:25:36.690Z"}
{"level":"info","message":"Processing queue. Items in queue: 1","timestamp":"2025-07-14T11:25:36.690Z"}
{"level":"info","message":"Making CoinGecko request with key 1. Queue remaining: 0","timestamp":"2025-07-14T11:25:36.690Z"}
{"level":"info","message":"CoinGecko request successful with key 1. Queue remaining: 0","timestamp":"2025-07-14T11:25:36.717Z"}
{"level":"info","message":"Queue processing complete","timestamp":"2025-07-14T11:25:36.717Z"}
{"level":"info","message":"Request queued. Queue length: 1","timestamp":"2025-07-14T11:25:36.717Z"}
{"level":"info","message":"Processing queue. Items in queue: 1","timestamp":"2025-07-14T11:25:36.717Z"}
{"level":"info","message":"Making CoinGecko request with key 1. Queue remaining: 0","timestamp":"2025-07-14T11:25:36.717Z"}
{"level":"info","message":"CoinGecko request successful with key 1. Queue remaining: 0","timestamp":"2025-07-14T11:25:36.743Z"}
{"level":"info","message":"Queue processing complete","timestamp":"2025-07-14T11:25:36.743Z"}
{"level":"info","message":"Request queued. Queue length: 1","timestamp":"2025-07-14T11:25:38.695Z"}
{"level":"info","message":"Processing queue. Items in queue: 1","timestamp":"2025-07-14T11:25:38.695Z"}
{"level":"info","message":"Making CoinGecko request with key 1. Queue remaining: 0","timestamp":"2025-07-14T11:25:38.695Z"}
{"level":"info","message":"CoinGecko request successful with key 1. Queue remaining: 0","timestamp":"2025-07-14T11:25:38.840Z"}
{"level":"info","message":"Queue processing complete","timestamp":"2025-07-14T11:25:38.840Z"}
{"level":"info","message":"Request queued. Queue length: 1","timestamp":"2025-07-14T11:25:38.840Z"}
{"level":"info","message":"Processing queue. Items in queue: 1","timestamp":"2025-07-14T11:25:38.840Z"}
{"level":"info","message":"Making CoinGecko request with key 1. Queue remaining: 0","timestamp":"2025-07-14T11:25:38.840Z"}
{"level":"info","message":"CoinGecko request successful with key 1. Queue remaining: 0","timestamp":"2025-07-14T11:25:38.868Z"}
{"level":"info","message":"Queue processing complete","timestamp":"2025-07-14T11:25:38.868Z"}
{"level":"info","message":"Request queued. Queue length: 1","timestamp":"2025-07-14T11:25:40.704Z"}
{"level":"info","message":"Processing queue. Items in queue: 1","timestamp":"2025-07-14T11:25:40.705Z"}
{"level":"info","message":"Making CoinGecko request with key 1. Queue remaining: 0","timestamp":"2025-07-14T11:25:40.705Z"}
{"level":"info","message":"CoinGecko request successful with key 1. Queue remaining: 0","timestamp":"2025-07-14T11:25:41.045Z"}
{"level":"info","message":"Queue processing complete","timestamp":"2025-07-14T11:25:41.045Z"}
{"level":"info","message":"Request queued. Queue length: 1","timestamp":"2025-07-14T11:25:41.045Z"}
{"level":"info","message":"Processing queue. Items in queue: 1","timestamp":"2025-07-14T11:25:41.045Z"}
{"level":"info","message":"Making CoinGecko request with key 1. Queue remaining: 0","timestamp":"2025-07-14T11:25:41.045Z"}
{"level":"info","message":"CoinGecko request successful with key 1. Queue remaining: 0","timestamp":"2025-07-14T11:25:41.070Z"}
{"level":"info","message":"Queue processing complete","timestamp":"2025-07-14T11:25:41.071Z"}
{"level":"info","message":"Request queued. Queue length: 1","timestamp":"2025-07-14T11:25:44.721Z"}
{"level":"info","message":"Processing queue. Items in queue: 1","timestamp":"2025-07-14T11:25:44.721Z"}
{"level":"info","message":"Making CoinGecko request with key 1. Queue remaining: 0","timestamp":"2025-07-14T11:25:44.721Z"}
{"level":"info","message":"CoinGecko request successful with key 1. Queue remaining: 0","timestamp":"2025-07-14T11:25:44.745Z"}
{"level":"info","message":"Queue processing complete","timestamp":"2025-07-14T11:25:44.745Z"}
{"level":"info","message":"Request queued. Queue length: 1","timestamp":"2025-07-14T11:25:44.745Z"}
{"level":"info","message":"Processing queue. Items in queue: 1","timestamp":"2025-07-14T11:25:44.745Z"}
{"level":"info","message":"Making CoinGecko request with key 1. Queue remaining: 0","timestamp":"2025-07-14T11:25:44.745Z"}
{"level":"info","message":"CoinGecko request successful with key 1. Queue remaining: 0","timestamp":"2025-07-14T11:25:44.771Z"}
{"level":"info","message":"Queue processing complete","timestamp":"2025-07-14T11:25:44.771Z"}
